<?xml version="1.0" encoding="UTF-8"?>
<!-- Generated by org.testng.reporters.JUnitReportReporter -->
<testsuite hostname="Kar" failures="0" tests="1" name="Home.Home" time="16.806" errors="0" timestamp="2023-04-28T22:33:17 IST" skipped="0">
  <testcase classname="Home.Home" name="TC3329" time="16.806"/>
  <system-out/>
</testsuite> <!-- Home.Home -->
