<?xml version="1.0" encoding="UTF-8"?>
<!-- Generated by org.testng.reporters.JUnitReportReporter -->
<testsuite hostname="Kar" failures="0" tests="2" name="Explore.Explore" time="29.497" errors="1" timestamp="2023-04-29T12:57:09 IST" skipped="0">
  <testcase classname="Explore.Explore" name="SMPK_TC_15228" time="29.429"/>
  <system-out/>
  <testcase classname="Explore.Explore" name="stop" time="0.068">
    <error message="Connection refused: no further information
Build info: version: &#039;4.8.1&#039;, revision: &#039;8ebccac989&#039;
System info: os.name: &#039;Windows 10&#039;, os.arch: &#039;amd64&#039;, os.version: &#039;10.0&#039;, java.version: &#039;16.0.1&#039;
Driver info: io.appium.java_client.android.AndroidDriver
Command: [a5acaf72-09f7-4411-8891-759b9166577a, quit {}]
Capabilities {appium:automationName: uiautomator2, appium:databaseEnabled: false, appium:desired: {automationName: uiautomator2, deviceName: pocox2, newCommandTimeout: 10, platformName: android, platformVersion: 11, udid: 1c9df06e}, appium:deviceApiLevel: 30, appium:deviceManufacturer: Xiaomi, appium:deviceModel: POCO X2, appium:deviceName: 1c9df06e, appium:deviceScreenDensity: 440, appium:deviceScreenSize: 1080x2400, appium:deviceUDID: 1c9df06e, appium:javascriptEnabled: true, appium:locationContextEnabled: false, appium:networkConnectionEnabled: true, appium:newCommandTimeout: 10, appium:pixelRatio: 2.75, appium:platformVersion: 11, appium:statBarHeight: 95, appium:takesScreenshot: true, appium:udid: 1c9df06e, appium:viewportRect: {height: 2080, left: 0, top: 95, width: 1080}, appium:warnings: {}, appium:webStorageEnabled: false, platformName: ANDROID}
Session ID: a5acaf72-09f7-4411-8891-759b9166577a" type="org.openqa.selenium.WebDriverException">
      <![CDATA[org.openqa.selenium.WebDriverException: Connection refused: no further information
Build info: version: '4.8.1', revision: '8ebccac989'
System info: os.name: 'Windows 10', os.arch: 'amd64', os.version: '10.0', java.version: '16.0.1'
Driver info: io.appium.java_client.android.AndroidDriver
Command: [a5acaf72-09f7-4411-8891-759b9166577a, quit {}]
Capabilities {appium:automationName: uiautomator2, appium:databaseEnabled: false, appium:desired: {automationName: uiautomator2, deviceName: pocox2, newCommandTimeout: 10, platformName: android, platformVersion: 11, udid: 1c9df06e}, appium:deviceApiLevel: 30, appium:deviceManufacturer: Xiaomi, appium:deviceModel: POCO X2, appium:deviceName: 1c9df06e, appium:deviceScreenDensity: 440, appium:deviceScreenSize: 1080x2400, appium:deviceUDID: 1c9df06e, appium:javascriptEnabled: true, appium:locationContextEnabled: false, appium:networkConnectionEnabled: true, appium:newCommandTimeout: 10, appium:pixelRatio: 2.75, appium:platformVersion: 11, appium:statBarHeight: 95, appium:takesScreenshot: true, appium:udid: 1c9df06e, appium:viewportRect: {height: 2080, left: 0, top: 95, width: 1080}, appium:warnings: {}, appium:webStorageEnabled: false, platformName: ANDROID}
Session ID: a5acaf72-09f7-4411-8891-759b9166577a
at io.appium.java_client.remote.AppiumCommandExecutor.lambda$execute$4(AppiumCommandExecutor.java:274)
at java.base/java.util.Optional.orElseGet(Optional.java:364)
at io.appium.java_client.remote.AppiumCommandExecutor.execute(AppiumCommandExecutor.java:273)
at org.openqa.selenium.remote.RemoteWebDriver.execute(RemoteWebDriver.java:543)
at org.openqa.selenium.remote.RemoteWebDriver.execute(RemoteWebDriver.java:598)
at io.appium.java_client.AppiumDriver.execute(AppiumDriver.java:272)
at org.openqa.selenium.remote.RemoteWebDriver.quit(RemoteWebDriver.java:445)
at GenericUtils.BaseClass.stop(BaseClass.java:81)
at java.base/jdk.internal.reflect.NativeMethodAccessorImpl.invoke0(Native Method)
at java.base/jdk.internal.reflect.NativeMethodAccessorImpl.invoke(NativeMethodAccessorImpl.java:78)
at java.base/jdk.internal.reflect.DelegatingMethodAccessorImpl.invoke(DelegatingMethodAccessorImpl.java:43)
at java.base/java.lang.reflect.Method.invoke(Method.java:567)
at org.testng.internal.MethodInvocationHelper.invokeMethod(MethodInvocationHelper.java:133)
at org.testng.internal.MethodInvocationHelper.invokeMethodConsideringTimeout(MethodInvocationHelper.java:62)
at org.testng.internal.ConfigInvoker.invokeConfigurationMethod(ConfigInvoker.java:385)
at org.testng.internal.ConfigInvoker.invokeConfigurations(ConfigInvoker.java:321)
at org.testng.internal.TestMethodWorker.invokeAfterClassMethods(TestMethodWorker.java:217)
at org.testng.internal.TestMethodWorker.run(TestMethodWorker.java:130)
at java.base/java.util.ArrayList.forEach(ArrayList.java:1511)
at org.testng.TestRunner.privateRun(TestRunner.java:794)
at org.testng.TestRunner.run(TestRunner.java:596)
at org.testng.SuiteRunner.runTest(SuiteRunner.java:377)
at org.testng.SuiteRunner.runSequentially(SuiteRunner.java:371)
at org.testng.SuiteRunner.privateRun(SuiteRunner.java:332)
at org.testng.SuiteRunner.run(SuiteRunner.java:276)
at org.testng.SuiteRunnerWorker.runSuite(SuiteRunnerWorker.java:53)
at org.testng.SuiteRunnerWorker.run(SuiteRunnerWorker.java:96)
at org.testng.TestNG.runSuitesSequentially(TestNG.java:1212)
at org.testng.TestNG.runSuitesLocally(TestNG.java:1134)
at org.testng.TestNG.runSuites(TestNG.java:1063)
at org.testng.TestNG.run(TestNG.java:1031)
at org.testng.remote.AbstractRemoteTestNG.run(AbstractRemoteTestNG.java:115)
at org.testng.remote.RemoteTestNG.initAndRun(RemoteTestNG.java:251)
at org.testng.remote.RemoteTestNG.main(RemoteTestNG.java:77)
Caused by: java.net.ConnectException: Connection refused: no further information
at java.base/sun.nio.ch.Net.pollConnect(Native Method)
at java.base/sun.nio.ch.Net.pollConnectNow(Net.java:669)
at java.base/sun.nio.ch.SocketChannelImpl.finishConnect(SocketChannelImpl.java:944)
at io.netty.channel.socket.nio.NioSocketChannel.doFinishConnect(NioSocketChannel.java:337)
at io.netty.channel.nio.AbstractNioChannel$AbstractNioUnsafe.finishConnect(AbstractNioChannel.java:334)
at io.netty.channel.nio.NioEventLoop.processSelectedKey(NioEventLoop.java:776)
at io.netty.channel.nio.NioEventLoop.processSelectedKeysOptimized(NioEventLoop.java:724)
at io.netty.channel.nio.NioEventLoop.processSelectedKeys(NioEventLoop.java:650)
at io.netty.channel.nio.NioEventLoop.run(NioEventLoop.java:562)
at io.netty.util.concurrent.SingleThreadEventExecutor$4.run(SingleThreadEventExecutor.java:997)
at io.netty.util.internal.ThreadExecutorMap$2.run(ThreadExecutorMap.java:74)
at io.netty.util.concurrent.FastThreadLocalRunnable.run(FastThreadLocalRunnable.java:30)
at java.base/java.lang.Thread.run(Thread.java:831)
]]>
    </error>
  </testcase> <!-- stop -->
  <system-out/>
</testsuite> <!-- Explore.Explore -->
