<?xml version="1.0" encoding="UTF-8"?>
<!-- Generated by org.testng.reporters.JUnitReportReporter -->
<testsuite hostname="Kar" failures="0" tests="1" name="Explore.ExploreTest" time="21.477" errors="0" timestamp="2023-04-29T16:21:39 IST" skipped="0">
  <testcase classname="Explore.ExploreTest" name="SMPK_TC_15229" time="21.477"/>
  <system-out/>
</testsuite> <!-- Explore.ExploreTest -->
