<?xml version="1.0" encoding="UTF-8"?>
<!-- Generated by org.testng.reporters.JUnitReportReporter -->
<testsuite hostname="Kar" failures="0" tests="1" name="TestCase.SriMandir" time="0.007" errors="0" timestamp="2023-04-28T18:32:41 IST" skipped="0">
  <testcase classname="TestCase.SriMandir" name="TC3329" time="0.007"/>
  <system-out/>
</testsuite> <!-- TestCase.SriMandir -->
